<?xml version="1.0" encoding="UTF-8"?>
<coverage generated="1701679739010" clover="3.2.0">
  <project timestamp="1701679739010" name="All files">
    <metrics statements="123" coveredstatements="99" conditionals="24" coveredconditionals="18" methods="5" coveredmethods="4" elements="152" coveredelements="121" complexity="0" loc="123" ncloc="123" packages="1" files="3" classes="3"/>
    <file name="Calculator.jsx" path="/Users/m/Desktop/Programming/projct/calculator/vite-project/src/components/Calculator.jsx">
      <metrics statements="93" coveredstatements="69" conditionals="19" coveredconditionals="13" methods="2" coveredmethods="1"/>
      <line num="1" count="1" type="stmt"/>
      <line num="2" count="1" type="stmt"/>
      <line num="3" count="1" type="stmt"/>
      <line num="4" count="1" type="stmt"/>
      <line num="5" count="1" type="cond" truecount="1" falsecount="0"/>
      <line num="6" count="30" type="stmt"/>
      <line num="7" count="30" type="stmt"/>
      <line num="8" count="30" type="cond" truecount="1" falsecount="0"/>
      <line num="9" count="22" type="stmt"/>
      <line num="10" count="22" type="cond" truecount="1" falsecount="0"/>
      <line num="11" count="4" type="stmt"/>
      <line num="12" count="4" type="stmt"/>
      <line num="13" count="4" type="stmt"/>
      <line num="14" count="4" type="stmt"/>
      <line num="15" count="4" type="cond" truecount="0" falsecount="1"/>
      <line num="16" count="0" type="stmt"/>
      <line num="17" count="0" type="stmt"/>
      <line num="18" count="22" type="cond" truecount="1" falsecount="1"/>
      <line num="19" count="0" type="stmt"/>
      <line num="20" count="18" type="cond" truecount="1" falsecount="0"/>
      <line num="21" count="1" type="stmt"/>
      <line num="22" count="1" type="stmt"/>
      <line num="23" count="1" type="stmt"/>
      <line num="24" count="1" type="cond" truecount="0" falsecount="1"/>
      <line num="25" count="0" type="stmt"/>
      <line num="26" count="0" type="stmt"/>
      <line num="27" count="18" type="cond" truecount="2" falsecount="0"/>
      <line num="28" count="1" type="stmt"/>
      <line num="29" count="1" type="stmt"/>
      <line num="30" count="1" type="stmt"/>
      <line num="31" count="1" type="cond" truecount="0" falsecount="1"/>
      <line num="32" count="0" type="stmt"/>
      <line num="33" count="0" type="stmt"/>
      <line num="34" count="17" type="cond" truecount="1" falsecount="1"/>
      <line num="35" count="0" type="stmt"/>
      <line num="36" count="0" type="stmt"/>
      <line num="37" count="0" type="stmt"/>
      <line num="38" count="0" type="stmt"/>
      <line num="39" count="0" type="stmt"/>
      <line num="40" count="0" type="stmt"/>
      <line num="41" count="0" type="stmt"/>
      <line num="42" count="0" type="stmt"/>
      <line num="43" count="0" type="stmt"/>
      <line num="44" count="16" type="cond" truecount="0" falsecount="1"/>
      <line num="45" count="0" type="stmt"/>
      <line num="46" count="0" type="stmt"/>
      <line num="47" count="16" type="stmt"/>
      <line num="48" count="16" type="cond" truecount="1" falsecount="0"/>
      <line num="49" count="16" type="stmt"/>
      <line num="50" count="30" type="stmt"/>
      <line num="51" count="30" type="stmt"/>
      <line num="52" count="30" type="stmt"/>
      <line num="53" count="30" type="cond" truecount="1" falsecount="0"/>
      <line num="54" count="30" type="stmt"/>
      <line num="55" count="0" type="stmt"/>
      <line num="56" count="0" type="stmt"/>
      <line num="57" count="0" type="stmt"/>
      <line num="58" count="0" type="stmt"/>
      <line num="59" count="0" type="stmt"/>
      <line num="60" count="0" type="stmt"/>
      <line num="61" count="30" type="stmt"/>
      <line num="62" count="30" type="stmt"/>
      <line num="63" count="30" type="stmt"/>
      <line num="64" count="30" type="cond" truecount="1" falsecount="0"/>
      <line num="65" count="30" type="stmt"/>
      <line num="66" count="30" type="stmt"/>
      <line num="67" count="30" type="stmt"/>
      <line num="68" count="30" type="stmt"/>
      <line num="69" count="30" type="stmt"/>
      <line num="70" count="30" type="stmt"/>
      <line num="71" count="30" type="stmt"/>
      <line num="72" count="30" type="stmt"/>
      <line num="73" count="30" type="cond" truecount="1" falsecount="0"/>
      <line num="74" count="300" type="stmt"/>
      <line num="75" count="30" type="stmt"/>
      <line num="76" count="30" type="stmt"/>
      <line num="77" count="30" type="stmt"/>
      <line num="78" count="30" type="stmt"/>
      <line num="79" count="30" type="stmt"/>
      <line num="80" count="30" type="cond" truecount="1" falsecount="0"/>
      <line num="81" count="120" type="stmt"/>
      <line num="82" count="30" type="stmt"/>
      <line num="83" count="30" type="stmt"/>
      <line num="84" count="30" type="stmt"/>
      <line num="85" count="30" type="stmt"/>
      <line num="86" count="30" type="stmt"/>
      <line num="87" count="30" type="stmt"/>
      <line num="88" count="30" type="stmt"/>
      <line num="89" count="30" type="stmt"/>
      <line num="90" count="30" type="stmt"/>
      <line num="91" count="30" type="stmt"/>
      <line num="92" count="1" type="stmt"/>
      <line num="93" count="1" type="stmt"/>
    </file>
    <file name="CalculatorButton.jsx" path="/Users/m/Desktop/Programming/projct/calculator/vite-project/src/components/CalculatorButton.jsx">
      <metrics statements="23" coveredstatements="23" conditionals="4" coveredconditionals="4" methods="2" coveredmethods="2"/>
      <line num="1" count="1" type="stmt"/>
      <line num="2" count="1" type="stmt"/>
      <line num="3" count="1" type="stmt"/>
      <line num="4" count="1" type="stmt"/>
      <line num="5" count="1" type="cond" truecount="1" falsecount="0"/>
      <line num="6" count="600" type="stmt"/>
      <line num="7" count="600" type="stmt"/>
      <line num="8" count="600" type="stmt"/>
      <line num="9" count="600" type="stmt"/>
      <line num="10" count="600" type="cond" truecount="2" falsecount="0"/>
      <line num="11" count="600" type="cond" truecount="1" falsecount="0"/>
      <line num="12" count="600" type="stmt"/>
      <line num="13" count="600" type="stmt"/>
      <line num="14" count="600" type="stmt"/>
      <line num="15" count="600" type="stmt"/>
      <line num="16" count="600" type="stmt"/>
      <line num="17" count="1" type="stmt"/>
      <line num="18" count="1" type="stmt"/>
      <line num="19" count="1" type="stmt"/>
      <line num="20" count="1" type="stmt"/>
      <line num="21" count="1" type="stmt"/>
      <line num="22" count="1" type="stmt"/>
      <line num="23" count="1" type="stmt"/>
    </file>
    <file name="CalculatorDisplay.jsx" path="/Users/m/Desktop/Programming/projct/calculator/vite-project/src/components/CalculatorDisplay.jsx">
      <metrics statements="7" coveredstatements="7" conditionals="1" coveredconditionals="1" methods="1" coveredmethods="1"/>
      <line num="1" count="1" type="stmt"/>
      <line num="2" count="1" type="stmt"/>
      <line num="3" count="1" type="cond" truecount="1" falsecount="0"/>
      <line num="4" count="30" type="stmt"/>
      <line num="5" count="30" type="stmt"/>
      <line num="6" count="1" type="stmt"/>
      <line num="7" count="1" type="stmt"/>
    </file>
  </project>
</coverage>
