{"/Users/m/Desktop/Programming/projct/calculator/vite-project/src/components/Calculator.jsx": {"path":"/Users/m/Desktop/Programming/projct/calculator/vite-project/src/components/Calculator.jsx","all":false,"statementMap":{"0":{"start":{"line":1,"column":0},"end":{"line":1,"column":57}},"1":{"start":{"line":2,"column":0},"end":{"line":2,"column":52}},"2":{"start":{"line":3,"column":0},"end":{"line":3,"column":50}},"3":{"start":{"line":4,"column":0},"end":{"line":4,"column":0}},"4":{"start":{"line":5,"column":0},"end":{"line":5,"column":26}},"5":{"start":{"line":6,"column":0},"end":{"line":6,"column":41}},"6":{"start":{"line":7,"column":0},"end":{"line":7,"column":0}},"7":{"start":{"line":8,"column":0},"end":{"line":8,"column":52}},"8":{"start":{"line":9,"column":0},"end":{"line":9,"column":0}},"9":{"start":{"line":10,"column":0},"end":{"line":10,"column":24}},"10":{"start":{"line":11,"column":0},"end":{"line":11,"column":0}},"11":{"start":{"line":12,"column":0},"end":{"line":12,"column":0}},"12":{"start":{"line":13,"column":0},"end":{"line":13,"column":11}},"13":{"start":{"line":14,"column":0},"end":{"line":14,"column":41}},"14":{"start":{"line":15,"column":0},"end":{"line":15,"column":23}},"15":{"start":{"line":16,"column":0},"end":{"line":16,"column":26}},"16":{"start":{"line":17,"column":0},"end":{"line":17,"column":7}},"17":{"start":{"line":18,"column":0},"end":{"line":18,"column":31}},"18":{"start":{"line":19,"column":0},"end":{"line":19,"column":19}},"19":{"start":{"line":20,"column":0},"end":{"line":20,"column":34}},"20":{"start":{"line":21,"column":0},"end":{"line":21,"column":0}},"21":{"start":{"line":22,"column":0},"end":{"line":22,"column":11}},"22":{"start":{"line":23,"column":0},"end":{"line":23,"column":52}},"23":{"start":{"line":24,"column":0},"end":{"line":24,"column":23}},"24":{"start":{"line":25,"column":0},"end":{"line":25,"column":26}},"25":{"start":{"line":26,"column":0},"end":{"line":26,"column":7}},"26":{"start":{"line":27,"column":0},"end":{"line":27,"column":33}},"27":{"start":{"line":28,"column":0},"end":{"line":28,"column":0}},"28":{"start":{"line":29,"column":0},"end":{"line":29,"column":11}},"29":{"start":{"line":30,"column":0},"end":{"line":30,"column":54}},"30":{"start":{"line":31,"column":0},"end":{"line":31,"column":23}},"31":{"start":{"line":32,"column":0},"end":{"line":32,"column":26}},"32":{"start":{"line":33,"column":0},"end":{"line":33,"column":7}},"33":{"start":{"line":34,"column":0},"end":{"line":34,"column":33}},"34":{"start":{"line":35,"column":0},"end":{"line":35,"column":0}},"35":{"start":{"line":36,"column":0},"end":{"line":36,"column":57}},"36":{"start":{"line":37,"column":0},"end":{"line":37,"column":30}},"37":{"start":{"line":38,"column":0},"end":{"line":38,"column":13}},"38":{"start":{"line":39,"column":0},"end":{"line":39,"column":75}},"39":{"start":{"line":40,"column":0},"end":{"line":40,"column":25}},"40":{"start":{"line":41,"column":0},"end":{"line":41,"column":28}},"41":{"start":{"line":42,"column":0},"end":{"line":42,"column":9}},"42":{"start":{"line":43,"column":0},"end":{"line":43,"column":7}},"43":{"start":{"line":44,"column":0},"end":{"line":44,"column":33}},"44":{"start":{"line":45,"column":0},"end":{"line":45,"column":0}},"45":{"start":{"line":46,"column":0},"end":{"line":46,"column":93}},"46":{"start":{"line":47,"column":0},"end":{"line":47,"column":12}},"47":{"start":{"line":48,"column":0},"end":{"line":48,"column":49}},"48":{"start":{"line":49,"column":0},"end":{"line":49,"column":5}},"49":{"start":{"line":50,"column":0},"end":{"line":50,"column":14}},"50":{"start":{"line":51,"column":0},"end":{"line":51,"column":0}},"51":{"start":{"line":52,"column":0},"end":{"line":52,"column":31}},"52":{"start":{"line":53,"column":0},"end":{"line":53,"column":19}},"53":{"start":{"line":54,"column":0},"end":{"line":54,"column":39}},"54":{"start":{"line":55,"column":0},"end":{"line":55,"column":28}},"55":{"start":{"line":56,"column":0},"end":{"line":56,"column":0}},"56":{"start":{"line":57,"column":0},"end":{"line":57,"column":37}},"57":{"start":{"line":58,"column":0},"end":{"line":58,"column":31}},"58":{"start":{"line":59,"column":0},"end":{"line":59,"column":7}},"59":{"start":{"line":60,"column":0},"end":{"line":60,"column":6}},"60":{"start":{"line":61,"column":0},"end":{"line":61,"column":0}},"61":{"start":{"line":62,"column":0},"end":{"line":62,"column":55}},"62":{"start":{"line":63,"column":0},"end":{"line":63,"column":0}},"63":{"start":{"line":64,"column":0},"end":{"line":64,"column":18}},"64":{"start":{"line":65,"column":0},"end":{"line":65,"column":60}},"65":{"start":{"line":66,"column":0},"end":{"line":66,"column":6}},"66":{"start":{"line":67,"column":0},"end":{"line":67,"column":26}},"67":{"start":{"line":68,"column":0},"end":{"line":68,"column":0}},"68":{"start":{"line":69,"column":0},"end":{"line":69,"column":10}},"69":{"start":{"line":70,"column":0},"end":{"line":70,"column":32}},"70":{"start":{"line":71,"column":0},"end":{"line":71,"column":41}},"71":{"start":{"line":72,"column":0},"end":{"line":72,"column":31}},"72":{"start":{"line":73,"column":0},"end":{"line":73,"column":57}},"73":{"start":{"line":74,"column":0},"end":{"line":74,"column":97}},"74":{"start":{"line":75,"column":0},"end":{"line":75,"column":11}},"75":{"start":{"line":76,"column":0},"end":{"line":76,"column":0}},"76":{"start":{"line":77,"column":0},"end":{"line":77,"column":66}},"77":{"start":{"line":78,"column":0},"end":{"line":78,"column":66}},"78":{"start":{"line":79,"column":0},"end":{"line":79,"column":0}},"79":{"start":{"line":80,"column":0},"end":{"line":80,"column":49}},"80":{"start":{"line":81,"column":0},"end":{"line":81,"column":90}},"81":{"start":{"line":82,"column":0},"end":{"line":82,"column":11}},"82":{"start":{"line":83,"column":0},"end":{"line":83,"column":69}},"83":{"start":{"line":84,"column":0},"end":{"line":84,"column":68}},"84":{"start":{"line":85,"column":0},"end":{"line":85,"column":68}},"85":{"start":{"line":86,"column":0},"end":{"line":86,"column":0}},"86":{"start":{"line":87,"column":0},"end":{"line":87,"column":66}},"87":{"start":{"line":88,"column":0},"end":{"line":88,"column":12}},"88":{"start":{"line":89,"column":0},"end":{"line":89,"column":10}},"89":{"start":{"line":90,"column":0},"end":{"line":90,"column":4}},"90":{"start":{"line":91,"column":0},"end":{"line":91,"column":2}},"91":{"start":{"line":92,"column":0},"end":{"line":92,"column":0}},"92":{"start":{"line":93,"column":0},"end":{"line":93,"column":26}}},"s":{"0":1,"1":1,"2":1,"3":1,"4":1,"5":30,"6":30,"7":30,"8":22,"9":22,"10":4,"11":4,"12":4,"13":4,"14":4,"15":0,"16":0,"17":22,"18":0,"19":18,"20":1,"21":1,"22":1,"23":1,"24":0,"25":0,"26":18,"27":1,"28":1,"29":1,"30":1,"31":0,"32":0,"33":17,"34":0,"35":0,"36":0,"37":0,"38":0,"39":0,"40":0,"41":0,"42":0,"43":16,"44":0,"45":0,"46":16,"47":16,"48":16,"49":30,"50":30,"51":30,"52":30,"53":30,"54":0,"55":0,"56":0,"57":0,"58":0,"59":0,"60":30,"61":30,"62":30,"63":30,"64":30,"65":30,"66":30,"67":30,"68":30,"69":30,"70":30,"71":30,"72":30,"73":300,"74":30,"75":30,"76":30,"77":30,"78":30,"79":30,"80":120,"81":30,"82":30,"83":30,"84":30,"85":30,"86":30,"87":30,"88":30,"89":30,"90":30,"91":1,"92":1},"branchMap":{"0":{"type":"branch","line":5,"loc":{"start":{"line":5,"column":19},"end":{"line":91,"column":2}},"locations":[{"start":{"line":5,"column":19},"end":{"line":91,"column":2}}]},"1":{"type":"branch","line":8,"loc":{"start":{"line":8,"column":40},"end":{"line":50,"column":5}},"locations":[{"start":{"line":8,"column":40},"end":{"line":50,"column":5}}]},"2":{"type":"branch","line":10,"loc":{"start":{"line":10,"column":23},"end":{"line":18,"column":15}},"locations":[{"start":{"line":10,"column":23},"end":{"line":18,"column":15}}]},"3":{"type":"branch","line":15,"loc":{"start":{"line":15,"column":6},"end":{"line":17,"column":7}},"locations":[{"start":{"line":15,"column":6},"end":{"line":17,"column":7}}]},"4":{"type":"branch","line":18,"loc":{"start":{"line":18,"column":4},"end":{"line":49,"column":5}},"locations":[{"start":{"line":18,"column":4},"end":{"line":49,"column":5}}]},"5":{"type":"branch","line":18,"loc":{"start":{"line":18,"column":30},"end":{"line":20,"column":15}},"locations":[{"start":{"line":18,"column":30},"end":{"line":20,"column":15}}]},"6":{"type":"branch","line":20,"loc":{"start":{"line":20,"column":33},"end":{"line":27,"column":15}},"locations":[{"start":{"line":20,"column":33},"end":{"line":27,"column":15}}]},"7":{"type":"branch","line":24,"loc":{"start":{"line":24,"column":6},"end":{"line":26,"column":7}},"locations":[{"start":{"line":24,"column":6},"end":{"line":26,"column":7}}]},"8":{"type":"branch","line":27,"loc":{"start":{"line":27,"column":4},"end":{"line":49,"column":5}},"locations":[{"start":{"line":27,"column":4},"end":{"line":49,"column":5}}]},"9":{"type":"branch","line":27,"loc":{"start":{"line":27,"column":32},"end":{"line":34,"column":15}},"locations":[{"start":{"line":27,"column":32},"end":{"line":34,"column":15}}]},"10":{"type":"branch","line":31,"loc":{"start":{"line":31,"column":6},"end":{"line":33,"column":7}},"locations":[{"start":{"line":31,"column":6},"end":{"line":33,"column":7}}]},"11":{"type":"branch","line":34,"loc":{"start":{"line":34,"column":4},"end":{"line":49,"column":5}},"locations":[{"start":{"line":34,"column":4},"end":{"line":49,"column":5}}]},"12":{"type":"branch","line":34,"loc":{"start":{"line":34,"column":32},"end":{"line":44,"column":15}},"locations":[{"start":{"line":34,"column":32},"end":{"line":44,"column":15}}]},"13":{"type":"branch","line":44,"loc":{"start":{"line":44,"column":32},"end":{"line":47,"column":11}},"locations":[{"start":{"line":44,"column":32},"end":{"line":47,"column":11}}]},"14":{"type":"branch","line":48,"loc":{"start":{"line":48,"column":15},"end":{"line":48,"column":47}},"locations":[{"start":{"line":48,"column":15},"end":{"line":48,"column":47}}]},"15":{"type":"branch","line":53,"loc":{"start":{"line":53,"column":12},"end":{"line":67,"column":5}},"locations":[{"start":{"line":53,"column":12},"end":{"line":67,"column":5}}]},"16":{"type":"branch","line":64,"loc":{"start":{"line":64,"column":11},"end":{"line":66,"column":6}},"locations":[{"start":{"line":64,"column":11},"end":{"line":66,"column":6}}]},"17":{"type":"branch","line":73,"loc":{"start":{"line":73,"column":44},"end":{"line":74,"column":97}},"locations":[{"start":{"line":73,"column":44},"end":{"line":74,"column":97}}]},"18":{"type":"branch","line":80,"loc":{"start":{"line":80,"column":34},"end":{"line":81,"column":90}},"locations":[{"start":{"line":80,"column":34},"end":{"line":81,"column":90}}]}},"b":{"0":[30],"1":[22],"2":[4],"3":[0],"4":[18],"5":[0],"6":[1],"7":[0],"8":[17],"9":[1],"10":[0],"11":[16],"12":[0],"13":[0],"14":[16],"15":[30],"16":[30],"17":[300],"18":[120]},"fnMap":{"0":{"name":"Calculator","decl":{"start":{"line":5,"column":19},"end":{"line":91,"column":2}},"loc":{"start":{"line":5,"column":19},"end":{"line":91,"column":2}},"line":5},"1":{"name":"handleKeyPress","decl":{"start":{"line":54,"column":27},"end":{"line":60,"column":6}},"loc":{"start":{"line":54,"column":27},"end":{"line":60,"column":6}},"line":54}},"f":{"0":30,"1":0}}
,"/Users/m/Desktop/Programming/projct/calculator/vite-project/src/components/CalculatorButton.jsx": {"path":"/Users/m/Desktop/Programming/projct/calculator/vite-project/src/components/CalculatorButton.jsx","all":false,"statementMap":{"0":{"start":{"line":1,"column":0},"end":{"line":1,"column":22}},"1":{"start":{"line":2,"column":0},"end":{"line":2,"column":35}},"2":{"start":{"line":3,"column":0},"end":{"line":3,"column":22}},"3":{"start":{"line":4,"column":0},"end":{"line":4,"column":0}},"4":{"start":{"line":5,"column":0},"end":{"line":5,"column":50}},"5":{"start":{"line":6,"column":0},"end":{"line":6,"column":64}},"6":{"start":{"line":7,"column":0},"end":{"line":7,"column":0}},"7":{"start":{"line":8,"column":0},"end":{"line":8,"column":10}},"8":{"start":{"line":9,"column":0},"end":{"line":9,"column":11}},"9":{"start":{"line":10,"column":0},"end":{"line":10,"column":68}},"10":{"start":{"line":11,"column":0},"end":{"line":11,"column":36}},"11":{"start":{"line":12,"column":0},"end":{"line":12,"column":5}},"12":{"start":{"line":13,"column":0},"end":{"line":13,"column":13}},"13":{"start":{"line":14,"column":0},"end":{"line":14,"column":13}},"14":{"start":{"line":15,"column":0},"end":{"line":15,"column":4}},"15":{"start":{"line":16,"column":0},"end":{"line":16,"column":2}},"16":{"start":{"line":17,"column":0},"end":{"line":17,"column":0}},"17":{"start":{"line":18,"column":0},"end":{"line":18,"column":30}},"18":{"start":{"line":19,"column":0},"end":{"line":19,"column":37}},"19":{"start":{"line":20,"column":0},"end":{"line":20,"column":37}},"20":{"start":{"line":21,"column":0},"end":{"line":21,"column":2}},"21":{"start":{"line":22,"column":0},"end":{"line":22,"column":0}},"22":{"start":{"line":23,"column":0},"end":{"line":23,"column":32}}},"s":{"0":1,"1":1,"2":1,"3":1,"4":1,"5":600,"6":600,"7":600,"8":600,"9":600,"10":600,"11":600,"12":600,"13":600,"14":600,"15":600,"16":1,"17":1,"18":1,"19":1,"20":1,"21":1,"22":1},"branchMap":{"0":{"type":"branch","line":5,"loc":{"start":{"line":5,"column":25},"end":{"line":16,"column":2}},"locations":[{"start":{"line":5,"column":25},"end":{"line":16,"column":2}}]},"1":{"type":"branch","line":10,"loc":{"start":{"line":10,"column":37},"end":{"line":10,"column":63}},"locations":[{"start":{"line":10,"column":37},"end":{"line":10,"column":63}}]},"2":{"type":"branch","line":10,"loc":{"start":{"line":10,"column":50},"end":{"line":10,"column":65}},"locations":[{"start":{"line":10,"column":50},"end":{"line":10,"column":65}}]},"3":{"type":"branch","line":11,"loc":{"start":{"line":11,"column":15},"end":{"line":11,"column":36}},"locations":[{"start":{"line":11,"column":15},"end":{"line":11,"column":36}}]}},"b":{"0":[600],"1":[150],"2":[450],"3":[22]},"fnMap":{"0":{"name":"CalculatorButton","decl":{"start":{"line":5,"column":25},"end":{"line":16,"column":2}},"loc":{"start":{"line":5,"column":25},"end":{"line":16,"column":2}},"line":5},"1":{"name":"onClick","decl":{"start":{"line":11,"column":15},"end":{"line":11,"column":36}},"loc":{"start":{"line":11,"column":15},"end":{"line":11,"column":36}},"line":11}},"f":{"0":600,"1":22}}
,"/Users/m/Desktop/Programming/projct/calculator/vite-project/src/components/CalculatorDisplay.jsx": {"path":"/Users/m/Desktop/Programming/projct/calculator/vite-project/src/components/CalculatorDisplay.jsx","all":false,"statementMap":{"0":{"start":{"line":1,"column":0},"end":{"line":1,"column":0}},"1":{"start":{"line":2,"column":0},"end":{"line":2,"column":0}},"2":{"start":{"line":3,"column":0},"end":{"line":3,"column":42}},"3":{"start":{"line":4,"column":0},"end":{"line":4,"column":48}},"4":{"start":{"line":5,"column":0},"end":{"line":5,"column":2}},"5":{"start":{"line":6,"column":0},"end":{"line":6,"column":0}},"6":{"start":{"line":7,"column":0},"end":{"line":7,"column":33}}},"s":{"0":1,"1":1,"2":1,"3":30,"4":30,"5":1,"6":1},"branchMap":{"0":{"type":"branch","line":3,"loc":{"start":{"line":3,"column":26},"end":{"line":5,"column":2}},"locations":[{"start":{"line":3,"column":26},"end":{"line":5,"column":2}}]}},"b":{"0":[30]},"fnMap":{"0":{"name":"CalculatorDisplay","decl":{"start":{"line":3,"column":26},"end":{"line":5,"column":2}},"loc":{"start":{"line":3,"column":26},"end":{"line":5,"column":2}},"line":3}},"f":{"0":30}}
}
